<?xml version="1.0" encoding="UTF-8"?>
<testng-results ignored="0" total="2" passed="2" failed="0" skipped="0">
  <reporter-output>
    <line>
      <![CDATA[[ASSERTION PASSED]: User logged in]]>
    </line>
    <line>
      <![CDATA[[ASSERTION PASSED]: User logged out]]>
    </line>
  </reporter-output>
  <suite started-at="2020-08-27T15:31:11 IST" name="Default suite" finished-at="2020-08-27T15:31:25 IST" duration-ms="13729">
    <groups>
    </groups>
    <test started-at="2020-08-27T15:31:11 IST" name="Default test" finished-at="2020-08-27T15:31:25 IST" duration-ms="13729">
      <class name="pom_test.tests.LoginTest">
        <test-method is-config="true" signature="setUp()[pri:0, instance:pom_test.tests.LoginTest@44a7bfbc]" started-at="2020-08-27T15:31:12 IST" name="setUp" finished-at="2020-08-27T15:31:18 IST" duration-ms="6956" status="PASS">
          <reporter-output>
          </reporter-output>
        </test-method> <!-- setUp -->
        <test-method signature="verifySuccessfulLogIN()[pri:0, instance:pom_test.tests.LoginTest@44a7bfbc]" started-at="2020-08-27T15:31:18 IST" name="verifySuccessfulLogIN" finished-at="2020-08-27T15:31:22 IST" duration-ms="3735" status="PASS">
          <reporter-output>
            <line>
              <![CDATA[[ASSERTION PASSED]: User logged in]]>
            </line>
          </reporter-output>
        </test-method> <!-- verifySuccessfulLogIN -->
        <test-method signature="verifySuccessfulLogOUT()[pri:0, instance:pom_test.tests.LoginTest@44a7bfbc]" started-at="2020-08-27T15:31:22 IST" name="verifySuccessfulLogOUT" finished-at="2020-08-27T15:31:24 IST" duration-ms="2241" status="PASS">
          <reporter-output>
            <line>
              <![CDATA[[ASSERTION PASSED]: User logged out]]>
            </line>
          </reporter-output>
        </test-method> <!-- verifySuccessfulLogOUT -->
        <test-method is-config="true" signature="closeBrowser()[pri:0, instance:pom_test.tests.LoginTest@44a7bfbc]" started-at="2020-08-27T15:31:24 IST" name="closeBrowser" finished-at="2020-08-27T15:31:25 IST" duration-ms="758" status="PASS">
          <reporter-output>
          </reporter-output>
        </test-method> <!-- closeBrowser -->
      </class> <!-- pom_test.tests.LoginTest -->
    </test> <!-- Default test -->
  </suite> <!-- Default suite -->
</testng-results>
